<?xml version="1.0" encoding="UTF-8"?>
<testsuite xmlns:xsi="http://www.w3.org/2001/XMLSchema-instance" xsi:noNamespaceSchemaLocation="https://maven.apache.org/surefire/maven-surefire-plugin/xsd/surefire-test-report-3.0.xsd" version="3.0" name="ch.hslu.oop.sw07.PersonTest" time="1.076" tests="17" errors="0" skipped="0" failures="0">
  <properties>
[...]
</properties>
  <testcase name="testCompareToLower" classname="ch.hslu.oop.sw07.PersonTest" time="0.064"/>
  <testcase name="testEqualsFalse" classname="ch.hslu.oop.sw07.PersonTest" time="0.005"/>
  <testcase name="testEqualsIdentity" classname="ch.hslu.oop.sw07.PersonTest" time="0.001"/>
  <testcase name="testGetId" classname="ch.hslu.oop.sw07.PersonTest" time="0.004"/>
  <testcase name="equalsVerify" classname="ch.hslu.oop.sw07.PersonTest" time="0.908"/>
  <testcase name="testCompareToHigher" classname="ch.hslu.oop.sw07.PersonTest" time="0.001"/>
  <testcase name="testHastCodeNotequal" classname="ch.hslu.oop.sw07.PersonTest" time="0.001"/>
  <testcase name="testEqualsNull" classname="ch.hslu.oop.sw07.PersonTest" time="0.001"/>
  <testcase name="testEqualsTrue" classname="ch.hslu.oop.sw07.PersonTest" time="0"/>
  <testcase name="testEqualsWrongType" classname="ch.hslu.oop.sw07.PersonTest" time="0.001"/>
  <testcase name="testGetLastname" classname="ch.hslu.oop.sw07.PersonTest" time="0.001"/>
  <testcase name="testPersonFirstname" classname="ch.hslu.oop.sw07.PersonTest" time="0"/>
  <testcase name="testCompareToZero" classname="ch.hslu.oop.sw07.PersonTest" time="0.001"/>
  <testcase name="testHashCode" classname="ch.hslu.oop.sw07.PersonTest" time="0.001"/>
  <testcase name="testPersonLastname" classname="ch.hslu.oop.sw07.PersonTest" time="0.001"/>
  <testcase name="testGetFirstname" classname="ch.hslu.oop.sw07.PersonTest" time="0.002"/>
  <testcase name="testPersonId" classname="ch.hslu.oop.sw07.PersonTest" time="0.001"/>
</testsuite>